  Navigator.cpp
Navigator.cpp(97): warning C4018: '<': signed/unsigned mismatch
Navigator.cpp(113): warning C4018: '<': signed/unsigned mismatch
Navigator.cpp(115): warning C4018: '<': signed/unsigned mismatch
Navigator.cpp(131): warning C4244: '=': conversion from 'double' to 'float', possible loss of data
Navigator.cpp(133): warning C4244: '=': conversion from 'double' to 'float', possible loss of data
Navigator.cpp(145): warning C4244: '=': conversion from 'double' to 'float', possible loss of data
Navigator.cpp(147): warning C4244: '=': conversion from 'double' to 'float', possible loss of data
Navigator.cpp(192): warning C4018: '<': signed/unsigned mismatch
Navigator.cpp(201): warning C4018: '<': signed/unsigned mismatch
Navigator.cpp(225): warning C4018: '<': signed/unsigned mismatch
Navigator.cpp(226): warning C4018: '<': signed/unsigned mismatch
Navigator.cpp(235): warning C4018: '<': signed/unsigned mismatch
Navigator.cpp(242): warning C4018: '<': signed/unsigned mismatch
Navigator.cpp(246): warning C4018: '<': signed/unsigned mismatch
  test.cpp
  Generating code
  12 of 957 functions ( 1.3%) were compiled, the rest were copied from previous compilation.
    0 functions were new in current compilation
    50 functions had inline decision re-evaluated but remain unchanged
  Finished generating code
  Project 4.vcxproj -> C:\CS32\Project 4\Release\Project 4.exe
  Project 4.vcxproj -> C:\CS32\Project 4\Release\Project 4.pdb (Full PDB)
